生成启动时间为 2022/12/4 11:48:41。
     1>项目“D:\c-workspace\test\Q2\Q2\Q2.vcxproj”在节点 2 上(build 个目标)。
     1>InitializeBuildStatus:
         正在创建“Debug\Q2.unsuccessfulbuild”，因为已指定“AlwaysCreate”。
       ClCompile:
         D:\Program Files (x86)\Microsoft Visual Studio 10.0\VC\bin\CL.exe /c /ZI /nologo /W3 /WX- /Od /Oy- /D WIN32 /D _DEBUG /D _CONSOLE /D _UNICODE /D UNICODE /Gm /EHsc /RTC1 /MDd /GS /fp:precise /Zc:wchar_t /Zc:forScope /Fo"Debug\\" /Fd"Debug\vc100.pdb" /Gd /TC /analyze- /errorReport:prompt Q2.c
         Q2.c
     1>d:\c-workspace\test\q2\q2\q2.c(13): warning C4996: 'scanf': This function or variable may be unsafe. Consider using scanf_s instead. To disable deprecation, use _CRT_SECURE_NO_WARNINGS. See online help for details.
                 d:\program files (x86)\microsoft visual studio 10.0\vc\include\stdio.h(304) : 参见“scanf”的声明
     1>d:\c-workspace\test\q2\q2\q2.c(57): warning C4013: “system”未定义；假设外部返回 int
       ManifestResourceCompile:
         所有输出均为最新。
       Link:
         D:\Program Files (x86)\Microsoft Visual Studio 10.0\VC\bin\link.exe /ERRORREPORT:PROMPT /OUT:"D:\c-workspace\test\Q2\Debug\Q2.exe" /INCREMENTAL /NOLOGO kernel32.lib user32.lib gdi32.lib winspool.lib comdlg32.lib advapi32.lib shell32.lib ole32.lib oleaut32.lib uuid.lib odbc32.lib odbccp32.lib /MANIFEST /ManifestFile:"Debug\Q2.exe.intermediate.manifest" /MANIFESTUAC:"level='asInvoker' uiAccess='false'" /DEBUG /PDB:"D:\c-workspace\test\Q2\Debug\Q2.pdb" /SUBSYSTEM:CONSOLE /TLBID:1 /DYNAMICBASE /NXCOMPAT /IMPLIB:"D:\c-workspace\test\Q2\Debug\Q2.lib" /MACHINE:X86 Debug\Q2.exe.embed.manifest.res
         Debug\Q2.obj
       Manifest:
         C:\Program Files (x86)\Microsoft SDKs\Windows\v7.0A\bin\mt.exe /nologo /verbose /out:"Debug\Q2.exe.embed.manifest" /manifest Debug\Q2.exe.intermediate.manifest
         所有输出均为最新。
       LinkEmbedManifest:
         所有输出均为最新。
         Q2.vcxproj -> D:\c-workspace\test\Q2\Debug\Q2.exe
       FinalizeBuildStatus:
         正在删除文件“Debug\Q2.unsuccessfulbuild”。
         正在对“Debug\Q2.lastbuildstate”执行 Touch 任务。
     1>已完成生成项目“D:\c-workspace\test\Q2\Q2\Q2.vcxproj”(build 个目标)的操作。

生成成功。

已用时间 00:00:01.24
